<?xml version="1.0" encoding="UTF-8"?>
<testng-results skipped="0" failed="1" ignored="0" total="10" passed="9">
  <reporter-output>
  </reporter-output>
  <suite name="Default suite" duration-ms="12961" started-at="2018-04-27T06:22:06Z" finished-at="2018-04-27T06:22:19Z">
    <groups>
      <group name="A">
        <method signature="SampleTests.testMethod5(int, java.lang.String)[pri:0, instance:WebDriverMaven.SampleTests@27f723]" name="testMethod5" class="WebDriverMaven.SampleTests"/>
      </group> <!-- A -->
      <group name="B">
        <method signature="SampleTests.testMethod4(java.lang.String, int)[pri:0, instance:WebDriverMaven.SampleTests@27f723]" name="testMethod4" class="WebDriverMaven.SampleTests"/>
      </group> <!-- B -->
    </groups>
    <test name="Default test" duration-ms="12961" started-at="2018-04-27T06:22:06Z" finished-at="2018-04-27T06:22:19Z">
      <class name="WebDriverMaven.SampleTests">
        <test-method status="PASS" signature="beforeTest(java.lang.String)[pri:0, instance:WebDriverMaven.SampleTests@27f723]" name="beforeTest" is-config="true" duration-ms="7603" started-at="2018-04-27T06:22:06Z" finished-at="2018-04-27T06:22:14Z">
          <params>
            <param index="0">
              <value>
                <![CDATA[chrome]]>
              </value>
            </param>
          </params>
          <reporter-output>
          </reporter-output>
        </test-method> <!-- beforeTest -->
        <test-method status="PASS" signature="beforeClass()[pri:0, instance:WebDriverMaven.SampleTests@27f723]" name="beforeClass" is-config="true" duration-ms="0" started-at="2018-04-27T06:22:14Z" finished-at="2018-04-27T06:22:14Z">
          <reporter-output>
          </reporter-output>
        </test-method> <!-- beforeClass -->
        <test-method status="PASS" signature="testMethod1()[pri:0, instance:WebDriverMaven.SampleTests@27f723]" name="testMethod1" duration-ms="32" started-at="2018-04-27T06:22:14Z" finished-at="2018-04-27T06:22:14Z">
          <reporter-output>
          </reporter-output>
        </test-method> <!-- testMethod1 -->
        <test-method status="PASS" signature="testMethod2()[pri:0, instance:WebDriverMaven.SampleTests@27f723]" name="testMethod2" duration-ms="947" started-at="2018-04-27T06:22:14Z" finished-at="2018-04-27T06:22:15Z">
          <reporter-output>
          </reporter-output>
        </test-method> <!-- testMethod2 -->
        <test-method status="PASS" signature="testMethod3()[pri:0, instance:WebDriverMaven.SampleTests@27f723]" name="testMethod3" duration-ms="2161" started-at="2018-04-27T06:22:15Z" finished-at="2018-04-27T06:22:17Z">
          <reporter-output>
          </reporter-output>
        </test-method> <!-- testMethod3 -->
        <test-method status="PASS" signature="testMethod5(int, java.lang.String)[pri:0, instance:WebDriverMaven.SampleTests@27f723]" name="testMethod5" duration-ms="0" started-at="2018-04-27T06:22:17Z" data-provider="nameProvider" finished-at="2018-04-27T06:22:17Z">
          <params>
            <param index="0">
              <value>
                <![CDATA[1]]>
              </value>
            </param>
            <param index="1">
              <value>
                <![CDATA[selenium]]>
              </value>
            </param>
          </params>
          <reporter-output>
          </reporter-output>
        </test-method> <!-- testMethod5 -->
        <test-method status="PASS" signature="testMethod4(java.lang.String, int)[pri:0, instance:WebDriverMaven.SampleTests@27f723]" name="testMethod4" duration-ms="0" started-at="2018-04-27T06:22:17Z" data-provider="nameProvider" finished-at="2018-04-27T06:22:17Z">
          <params>
            <param index="0">
              <value>
                <![CDATA[garhewal]]>
              </value>
            </param>
            <param index="1">
              <value>
                <![CDATA[2]]>
              </value>
            </param>
          </params>
          <reporter-output>
          </reporter-output>
        </test-method> <!-- testMethod4 -->
        <test-method status="PASS" signature="testMethod4(java.lang.String, int)[pri:0, instance:WebDriverMaven.SampleTests@27f723]" name="testMethod4" duration-ms="0" started-at="2018-04-27T06:22:17Z" data-provider="nameProvider" finished-at="2018-04-27T06:22:17Z">
          <params>
            <param index="0">
              <value>
                <![CDATA[testng]]>
              </value>
            </param>
            <param index="1">
              <value>
                <![CDATA[4]]>
              </value>
            </param>
          </params>
          <reporter-output>
          </reporter-output>
        </test-method> <!-- testMethod4 -->
        <test-method status="PASS" signature="testMethod4(java.lang.String, int)[pri:0, instance:WebDriverMaven.SampleTests@27f723]" name="testMethod4" duration-ms="0" started-at="2018-04-27T06:22:17Z" data-provider="nameProvider" finished-at="2018-04-27T06:22:17Z">
          <params>
            <param index="0">
              <value>
                <![CDATA[amit]]>
              </value>
            </param>
            <param index="1">
              <value>
                <![CDATA[1]]>
              </value>
            </param>
          </params>
          <reporter-output>
          </reporter-output>
        </test-method> <!-- testMethod4 -->
        <test-method status="PASS" signature="testMethod4(java.lang.String, int)[pri:0, instance:WebDriverMaven.SampleTests@27f723]" name="testMethod4" duration-ms="0" started-at="2018-04-27T06:22:17Z" data-provider="nameProvider" finished-at="2018-04-27T06:22:17Z">
          <params>
            <param index="0">
              <value>
                <![CDATA[test]]>
              </value>
            </param>
            <param index="1">
              <value>
                <![CDATA[3]]>
              </value>
            </param>
          </params>
          <reporter-output>
          </reporter-output>
        </test-method> <!-- testMethod4 -->
        <test-method status="PASS" signature="testMethod5(int, java.lang.String)[pri:0, instance:WebDriverMaven.SampleTests@27f723]" name="testMethod5" duration-ms="0" started-at="2018-04-27T06:22:17Z" data-provider="nameProvider" finished-at="2018-04-27T06:22:17Z">
          <params>
            <param index="0">
              <value>
                <![CDATA[2]]>
              </value>
            </param>
            <param index="1">
              <value>
                <![CDATA[oes]]>
              </value>
            </param>
          </params>
          <reporter-output>
          </reporter-output>
        </test-method> <!-- testMethod5 -->
        <test-method status="FAIL" signature="testMethod6()[pri:0, instance:WebDriverMaven.SampleTests@27f723]" name="testMethod6" duration-ms="1598" started-at="2018-04-27T06:22:17Z" finished-at="2018-04-27T06:22:19Z">
          <exception class="org.openqa.selenium.WebDriverException">
            <message>
              <![CDATA[unknown error: Element <button class="btn btn-lg btn-primary btn-block" type="submit" name="submit">...</button> is not clickable at point (400, 308). Other element would receive the click: <form class="form-signin" action="selenium_cookie.php" method="post">...</form>
  (Session info: headless chrome=66.0.3359.117)
  (Driver info: chromedriver=2.36.540470 (e522d04694c7ebea4ba8821272dbef4f9b818c91),platform=Windows NT 6.1.7601 SP1 x86_64) (WARNING: The server did not provide any stacktrace information)
Command duration or timeout: 0 milliseconds
Build info: version: '3.11.0', revision: 'e59cfb3', time: '2018-03-11T20:26:55.152Z'
System info: host: 'IND-GAMIT', ip: '164.99.139.88', os.name: 'Windows 7', os.arch: 'amd64', os.version: '6.1', java.version: '1.8.0_131'
Driver info: org.openqa.selenium.chrome.ChromeDriver
Capabilities {acceptInsecureCerts: true, acceptSslCerts: true, applicationCacheEnabled: false, browserConnectionEnabled: false, browserName: chrome, chrome: {chromedriverVersion: 2.36.540470 (e522d04694c7eb..., userDataDir: C:\Users\gamit\AppData\Loca...}, cssSelectorsEnabled: true, databaseEnabled: false, handlesAlerts: true, hasTouchScreen: false, javascriptEnabled: true, locationContextEnabled: true, mobileEmulationEnabled: false, nativeEvents: true, networkConnectionEnabled: false, pageLoadStrategy: normal, platform: XP, platformName: XP, rotatable: false, setWindowRect: true, takesHeapSnapshot: true, takesScreenshot: true, unexpectedAlertBehaviour: accept, unhandledPromptBehavior: accept, version: 66.0.3359.117, webStorageEnabled: true}
Session ID: 553db97a97f711191d779ef0fb1fdcab]]>
            </message>
            <full-stacktrace>
              <![CDATA[org.openqa.selenium.WebDriverException: unknown error: Element <button class="btn btn-lg btn-primary btn-block" type="submit" name="submit">...</button> is not clickable at point (400, 308). Other element would receive the click: <form class="form-signin" action="selenium_cookie.php" method="post">...</form>
  (Session info: headless chrome=66.0.3359.117)
  (Driver info: chromedriver=2.36.540470 (e522d04694c7ebea4ba8821272dbef4f9b818c91),platform=Windows NT 6.1.7601 SP1 x86_64) (WARNING: The server did not provide any stacktrace information)
Command duration or timeout: 0 milliseconds
Build info: version: '3.11.0', revision: 'e59cfb3', time: '2018-03-11T20:26:55.152Z'
System info: host: 'IND-GAMIT', ip: '164.99.139.88', os.name: 'Windows 7', os.arch: 'amd64', os.version: '6.1', java.version: '1.8.0_131'
Driver info: org.openqa.selenium.chrome.ChromeDriver
Capabilities {acceptInsecureCerts: true, acceptSslCerts: true, applicationCacheEnabled: false, browserConnectionEnabled: false, browserName: chrome, chrome: {chromedriverVersion: 2.36.540470 (e522d04694c7eb..., userDataDir: C:\Users\gamit\AppData\Loca...}, cssSelectorsEnabled: true, databaseEnabled: false, handlesAlerts: true, hasTouchScreen: false, javascriptEnabled: true, locationContextEnabled: true, mobileEmulationEnabled: false, nativeEvents: true, networkConnectionEnabled: false, pageLoadStrategy: normal, platform: XP, platformName: XP, rotatable: false, setWindowRect: true, takesHeapSnapshot: true, takesScreenshot: true, unexpectedAlertBehaviour: accept, unhandledPromptBehavior: accept, version: 66.0.3359.117, webStorageEnabled: true}
Session ID: 553db97a97f711191d779ef0fb1fdcab
at sun.reflect.NativeConstructorAccessorImpl.newInstance0(Native Method)
at sun.reflect.NativeConstructorAccessorImpl.newInstance(NativeConstructorAccessorImpl.java:62)
at sun.reflect.DelegatingConstructorAccessorImpl.newInstance(DelegatingConstructorAccessorImpl.java:45)
at java.lang.reflect.Constructor.newInstance(Constructor.java:423)
at org.openqa.selenium.remote.ErrorHandler.createThrowable(ErrorHandler.java:214)
at org.openqa.selenium.remote.ErrorHandler.throwIfResponseFailed(ErrorHandler.java:166)
at org.openqa.selenium.remote.http.JsonHttpResponseCodec.reconstructValue(JsonHttpResponseCodec.java:40)
at org.openqa.selenium.remote.http.AbstractHttpResponseCodec.decode(AbstractHttpResponseCodec.java:80)
at org.openqa.selenium.remote.http.AbstractHttpResponseCodec.decode(AbstractHttpResponseCodec.java:44)
at org.openqa.selenium.remote.HttpCommandExecutor.execute(HttpCommandExecutor.java:158)
at org.openqa.selenium.remote.service.DriverCommandExecutor.execute(DriverCommandExecutor.java:83)
at org.openqa.selenium.remote.RemoteWebDriver.execute(RemoteWebDriver.java:545)
at org.openqa.selenium.remote.RemoteWebElement.execute(RemoteWebElement.java:279)
at org.openqa.selenium.remote.RemoteWebElement.click(RemoteWebElement.java:83)
at WebDriverMaven.SampleTests.testMethod6(SampleTests.java:70)
at sun.reflect.NativeMethodAccessorImpl.invoke0(Native Method)
at sun.reflect.NativeMethodAccessorImpl.invoke(NativeMethodAccessorImpl.java:62)
at sun.reflect.DelegatingMethodAccessorImpl.invoke(DelegatingMethodAccessorImpl.java:43)
at java.lang.reflect.Method.invoke(Method.java:498)
at org.testng.internal.MethodInvocationHelper.invokeMethod(MethodInvocationHelper.java:124)
at org.testng.internal.Invoker.invokeMethod(Invoker.java:583)
at org.testng.internal.Invoker.invokeTestMethod(Invoker.java:719)
at org.testng.internal.Invoker.invokeTestMethods(Invoker.java:989)
at org.testng.internal.TestMethodWorker.invokeTestMethods(TestMethodWorker.java:125)
at org.testng.internal.TestMethodWorker.run(TestMethodWorker.java:109)
at org.testng.TestRunner.privateRun(TestRunner.java:648)
at org.testng.TestRunner.run(TestRunner.java:505)
at org.testng.SuiteRunner.runTest(SuiteRunner.java:455)
at org.testng.SuiteRunner.runSequentially(SuiteRunner.java:450)
at org.testng.SuiteRunner.privateRun(SuiteRunner.java:415)
at org.testng.SuiteRunner.run(SuiteRunner.java:364)
at org.testng.SuiteRunnerWorker.runSuite(SuiteRunnerWorker.java:52)
at org.testng.SuiteRunnerWorker.run(SuiteRunnerWorker.java:84)
at org.testng.TestNG.runSuitesSequentially(TestNG.java:1208)
at org.testng.TestNG.runSuitesLocally(TestNG.java:1137)
at org.testng.TestNG.runSuites(TestNG.java:1049)
at org.testng.TestNG.run(TestNG.java:1017)
at org.testng.remote.AbstractRemoteTestNG.run(AbstractRemoteTestNG.java:114)
at org.testng.remote.RemoteTestNG.initAndRun(RemoteTestNG.java:251)
at org.testng.remote.RemoteTestNG.main(RemoteTestNG.java:77)
]]>
            </full-stacktrace>
          </exception> <!-- org.openqa.selenium.WebDriverException -->
          <reporter-output>
          </reporter-output>
        </test-method> <!-- testMethod6 -->
        <test-method status="PASS" signature="afterClass()[pri:0, instance:WebDriverMaven.SampleTests@27f723]" name="afterClass" is-config="true" duration-ms="0" started-at="2018-04-27T06:22:19Z" finished-at="2018-04-27T06:22:19Z">
          <reporter-output>
          </reporter-output>
        </test-method> <!-- afterClass -->
        <test-method status="PASS" signature="afterTest()[pri:0, instance:WebDriverMaven.SampleTests@27f723]" name="afterTest" is-config="true" duration-ms="596" started-at="2018-04-27T06:22:19Z" finished-at="2018-04-27T06:22:19Z">
          <reporter-output>
          </reporter-output>
        </test-method> <!-- afterTest -->
      </class> <!-- WebDriverMaven.SampleTests -->
    </test> <!-- Default test -->
  </suite> <!-- Default suite -->
</testng-results>
