<?xml version="1.0" encoding="UTF-8"?>
<testng-results skipped="0" failed="0" ignored="0" total="20" passed="20">
  <reporter-output>
  </reporter-output>
  <suite name="Suite1" duration-ms="180902" started-at="2018-04-27T16:40:07Z" finished-at="2018-04-27T16:43:08Z">
    <groups>
      <group name="A">
        <method signature="SampleTests.testMethod5(int, java.lang.String)[pri:0, instance:WebDriverMaven.SampleTests@4923ab24]" name="testMethod5" class="WebDriverMaven.SampleTests"/>
        <method signature="SampleTests.testMethod5(int, java.lang.String)[pri:0, instance:WebDriverMaven.SampleTests@2db7a79b]" name="testMethod5" class="WebDriverMaven.SampleTests"/>
      </group> <!-- A -->
      <group name="B">
        <method signature="SampleTests.testMethod4(java.lang.String, int)[pri:0, instance:WebDriverMaven.SampleTests@4923ab24]" name="testMethod4" class="WebDriverMaven.SampleTests"/>
        <method signature="SampleTests.testMethod4(java.lang.String, int)[pri:0, instance:WebDriverMaven.SampleTests@2db7a79b]" name="testMethod4" class="WebDriverMaven.SampleTests"/>
      </group> <!-- B -->
    </groups>
    <test name="FirefoxTest" duration-ms="18573" started-at="2018-04-27T16:40:07Z" finished-at="2018-04-27T16:40:26Z">
      <class name="WebDriverMaven.SampleTests">
        <test-method status="PASS" signature="beforeTest(java.lang.String)[pri:0, instance:WebDriverMaven.SampleTests@2db7a79b]" name="beforeTest" is-config="true" duration-ms="10744" started-at="2018-04-27T16:40:07Z" finished-at="2018-04-27T16:40:18Z">
          <params>
            <param index="0">
              <value>
                <![CDATA[firefox]]>
              </value>
            </param>
          </params>
          <reporter-output>
          </reporter-output>
        </test-method> <!-- beforeTest -->
        <test-method status="PASS" signature="beforeClass()[pri:0, instance:WebDriverMaven.SampleTests@2db7a79b]" name="beforeClass" is-config="true" duration-ms="0" started-at="2018-04-27T16:40:18Z" finished-at="2018-04-27T16:40:18Z">
          <reporter-output>
          </reporter-output>
        </test-method> <!-- beforeClass -->
        <test-method status="PASS" signature="testMethod1()[pri:0, instance:WebDriverMaven.SampleTests@2db7a79b]" name="testMethod1" duration-ms="39" started-at="2018-04-27T16:40:18Z" finished-at="2018-04-27T16:40:18Z">
          <reporter-output>
          </reporter-output>
        </test-method> <!-- testMethod1 -->
        <test-method status="PASS" signature="testMethod2()[pri:0, instance:WebDriverMaven.SampleTests@2db7a79b]" name="testMethod2" duration-ms="948" started-at="2018-04-27T16:40:18Z" finished-at="2018-04-27T16:40:19Z">
          <reporter-output>
          </reporter-output>
        </test-method> <!-- testMethod2 -->
        <test-method status="PASS" signature="testMethod3()[pri:0, instance:WebDriverMaven.SampleTests@2db7a79b]" name="testMethod3" duration-ms="4181" started-at="2018-04-27T16:40:19Z" finished-at="2018-04-27T16:40:23Z">
          <reporter-output>
          </reporter-output>
        </test-method> <!-- testMethod3 -->
        <test-method status="PASS" signature="testMethod4(java.lang.String, int)[pri:0, instance:WebDriverMaven.SampleTests@2db7a79b]" name="testMethod4" duration-ms="2" started-at="2018-04-27T16:40:23Z" data-provider="nameProvider" finished-at="2018-04-27T16:40:23Z">
          <params>
            <param index="0">
              <value>
                <![CDATA[amit]]>
              </value>
            </param>
            <param index="1">
              <value>
                <![CDATA[1]]>
              </value>
            </param>
          </params>
          <reporter-output>
          </reporter-output>
        </test-method> <!-- testMethod4 -->
        <test-method status="PASS" signature="testMethod4(java.lang.String, int)[pri:0, instance:WebDriverMaven.SampleTests@2db7a79b]" name="testMethod4" duration-ms="0" started-at="2018-04-27T16:40:23Z" data-provider="nameProvider" finished-at="2018-04-27T16:40:23Z">
          <params>
            <param index="0">
              <value>
                <![CDATA[garhewal]]>
              </value>
            </param>
            <param index="1">
              <value>
                <![CDATA[2]]>
              </value>
            </param>
          </params>
          <reporter-output>
          </reporter-output>
        </test-method> <!-- testMethod4 -->
        <test-method status="PASS" signature="testMethod4(java.lang.String, int)[pri:0, instance:WebDriverMaven.SampleTests@2db7a79b]" name="testMethod4" duration-ms="3" started-at="2018-04-27T16:40:23Z" data-provider="nameProvider" finished-at="2018-04-27T16:40:23Z">
          <params>
            <param index="0">
              <value>
                <![CDATA[test]]>
              </value>
            </param>
            <param index="1">
              <value>
                <![CDATA[3]]>
              </value>
            </param>
          </params>
          <reporter-output>
          </reporter-output>
        </test-method> <!-- testMethod4 -->
        <test-method status="PASS" signature="testMethod4(java.lang.String, int)[pri:0, instance:WebDriverMaven.SampleTests@2db7a79b]" name="testMethod4" duration-ms="2" started-at="2018-04-27T16:40:23Z" data-provider="nameProvider" finished-at="2018-04-27T16:40:23Z">
          <params>
            <param index="0">
              <value>
                <![CDATA[testng]]>
              </value>
            </param>
            <param index="1">
              <value>
                <![CDATA[4]]>
              </value>
            </param>
          </params>
          <reporter-output>
          </reporter-output>
        </test-method> <!-- testMethod4 -->
        <test-method status="PASS" signature="testMethod5(int, java.lang.String)[pri:0, instance:WebDriverMaven.SampleTests@2db7a79b]" name="testMethod5" duration-ms="0" started-at="2018-04-27T16:40:23Z" data-provider="nameProvider" finished-at="2018-04-27T16:40:23Z">
          <params>
            <param index="0">
              <value>
                <![CDATA[1]]>
              </value>
            </param>
            <param index="1">
              <value>
                <![CDATA[selenium]]>
              </value>
            </param>
          </params>
          <reporter-output>
          </reporter-output>
        </test-method> <!-- testMethod5 -->
        <test-method status="PASS" signature="testMethod5(int, java.lang.String)[pri:0, instance:WebDriverMaven.SampleTests@2db7a79b]" name="testMethod5" duration-ms="3" started-at="2018-04-27T16:40:23Z" data-provider="nameProvider" finished-at="2018-04-27T16:40:23Z">
          <params>
            <param index="0">
              <value>
                <![CDATA[2]]>
              </value>
            </param>
            <param index="1">
              <value>
                <![CDATA[oes]]>
              </value>
            </param>
          </params>
          <reporter-output>
          </reporter-output>
        </test-method> <!-- testMethod5 -->
        <test-method status="PASS" signature="testMethod6()[pri:0, instance:WebDriverMaven.SampleTests@2db7a79b]" name="testMethod6" duration-ms="2304" started-at="2018-04-27T16:40:23Z" finished-at="2018-04-27T16:40:25Z">
          <reporter-output>
          </reporter-output>
        </test-method> <!-- testMethod6 -->
        <test-method status="PASS" signature="afterClass()[pri:0, instance:WebDriverMaven.SampleTests@2db7a79b]" name="afterClass" is-config="true" duration-ms="0" started-at="2018-04-27T16:40:25Z" finished-at="2018-04-27T16:40:25Z">
          <reporter-output>
          </reporter-output>
        </test-method> <!-- afterClass -->
        <test-method status="PASS" signature="afterTest()[pri:0, instance:WebDriverMaven.SampleTests@2db7a79b]" name="afterTest" is-config="true" duration-ms="290" started-at="2018-04-27T16:40:25Z" finished-at="2018-04-27T16:40:26Z">
          <reporter-output>
          </reporter-output>
        </test-method> <!-- afterTest -->
      </class> <!-- WebDriverMaven.SampleTests -->
    </test> <!-- FirefoxTest -->
    <test name="ChromeTest" duration-ms="180902" started-at="2018-04-27T16:40:07Z" finished-at="2018-04-27T16:43:08Z">
      <class name="WebDriverMaven.SampleTests">
        <test-method status="PASS" signature="beforeTest(java.lang.String)[pri:0, instance:WebDriverMaven.SampleTests@4923ab24]" name="beforeTest" is-config="true" duration-ms="95689" started-at="2018-04-27T16:40:07Z" finished-at="2018-04-27T16:41:43Z">
          <params>
            <param index="0">
              <value>
                <![CDATA[chrome]]>
              </value>
            </param>
          </params>
          <reporter-output>
          </reporter-output>
        </test-method> <!-- beforeTest -->
        <test-method status="PASS" signature="beforeClass()[pri:0, instance:WebDriverMaven.SampleTests@4923ab24]" name="beforeClass" is-config="true" duration-ms="3" started-at="2018-04-27T16:41:43Z" finished-at="2018-04-27T16:41:43Z">
          <reporter-output>
          </reporter-output>
        </test-method> <!-- beforeClass -->
        <test-method status="PASS" signature="testMethod1()[pri:0, instance:WebDriverMaven.SampleTests@4923ab24]" name="testMethod1" duration-ms="33" started-at="2018-04-27T16:41:43Z" finished-at="2018-04-27T16:41:43Z">
          <reporter-output>
          </reporter-output>
        </test-method> <!-- testMethod1 -->
        <test-method status="PASS" signature="testMethod2()[pri:0, instance:WebDriverMaven.SampleTests@4923ab24]" name="testMethod2" duration-ms="16736" started-at="2018-04-27T16:41:43Z" finished-at="2018-04-27T16:42:00Z">
          <reporter-output>
          </reporter-output>
        </test-method> <!-- testMethod2 -->
        <test-method status="PASS" signature="testMethod3()[pri:0, instance:WebDriverMaven.SampleTests@4923ab24]" name="testMethod3" duration-ms="43777" started-at="2018-04-27T16:42:00Z" finished-at="2018-04-27T16:42:43Z">
          <reporter-output>
          </reporter-output>
        </test-method> <!-- testMethod3 -->
        <test-method status="PASS" signature="testMethod4(java.lang.String, int)[pri:0, instance:WebDriverMaven.SampleTests@4923ab24]" name="testMethod4" duration-ms="3" started-at="2018-04-27T16:42:43Z" data-provider="nameProvider" finished-at="2018-04-27T16:42:43Z">
          <params>
            <param index="0">
              <value>
                <![CDATA[amit]]>
              </value>
            </param>
            <param index="1">
              <value>
                <![CDATA[1]]>
              </value>
            </param>
          </params>
          <reporter-output>
          </reporter-output>
        </test-method> <!-- testMethod4 -->
        <test-method status="PASS" signature="testMethod4(java.lang.String, int)[pri:0, instance:WebDriverMaven.SampleTests@4923ab24]" name="testMethod4" duration-ms="2" started-at="2018-04-27T16:42:43Z" data-provider="nameProvider" finished-at="2018-04-27T16:42:43Z">
          <params>
            <param index="0">
              <value>
                <![CDATA[garhewal]]>
              </value>
            </param>
            <param index="1">
              <value>
                <![CDATA[2]]>
              </value>
            </param>
          </params>
          <reporter-output>
          </reporter-output>
        </test-method> <!-- testMethod4 -->
        <test-method status="PASS" signature="testMethod4(java.lang.String, int)[pri:0, instance:WebDriverMaven.SampleTests@4923ab24]" name="testMethod4" duration-ms="0" started-at="2018-04-27T16:42:43Z" data-provider="nameProvider" finished-at="2018-04-27T16:42:43Z">
          <params>
            <param index="0">
              <value>
                <![CDATA[test]]>
              </value>
            </param>
            <param index="1">
              <value>
                <![CDATA[3]]>
              </value>
            </param>
          </params>
          <reporter-output>
          </reporter-output>
        </test-method> <!-- testMethod4 -->
        <test-method status="PASS" signature="testMethod4(java.lang.String, int)[pri:0, instance:WebDriverMaven.SampleTests@4923ab24]" name="testMethod4" duration-ms="0" started-at="2018-04-27T16:42:43Z" data-provider="nameProvider" finished-at="2018-04-27T16:42:43Z">
          <params>
            <param index="0">
              <value>
                <![CDATA[testng]]>
              </value>
            </param>
            <param index="1">
              <value>
                <![CDATA[4]]>
              </value>
            </param>
          </params>
          <reporter-output>
          </reporter-output>
        </test-method> <!-- testMethod4 -->
        <test-method status="PASS" signature="testMethod5(int, java.lang.String)[pri:0, instance:WebDriverMaven.SampleTests@4923ab24]" name="testMethod5" duration-ms="0" started-at="2018-04-27T16:42:43Z" data-provider="nameProvider" finished-at="2018-04-27T16:42:43Z">
          <params>
            <param index="0">
              <value>
                <![CDATA[1]]>
              </value>
            </param>
            <param index="1">
              <value>
                <![CDATA[selenium]]>
              </value>
            </param>
          </params>
          <reporter-output>
          </reporter-output>
        </test-method> <!-- testMethod5 -->
        <test-method status="PASS" signature="testMethod5(int, java.lang.String)[pri:0, instance:WebDriverMaven.SampleTests@4923ab24]" name="testMethod5" duration-ms="0" started-at="2018-04-27T16:42:43Z" data-provider="nameProvider" finished-at="2018-04-27T16:42:43Z">
          <params>
            <param index="0">
              <value>
                <![CDATA[2]]>
              </value>
            </param>
            <param index="1">
              <value>
                <![CDATA[oes]]>
              </value>
            </param>
          </params>
          <reporter-output>
          </reporter-output>
        </test-method> <!-- testMethod5 -->
        <test-method status="PASS" signature="testMethod6()[pri:0, instance:WebDriverMaven.SampleTests@4923ab24]" name="testMethod6" duration-ms="24078" started-at="2018-04-27T16:42:43Z" finished-at="2018-04-27T16:43:07Z">
          <reporter-output>
          </reporter-output>
        </test-method> <!-- testMethod6 -->
        <test-method status="PASS" signature="afterClass()[pri:0, instance:WebDriverMaven.SampleTests@4923ab24]" name="afterClass" is-config="true" duration-ms="0" started-at="2018-04-27T16:43:07Z" finished-at="2018-04-27T16:43:07Z">
          <reporter-output>
          </reporter-output>
        </test-method> <!-- afterClass -->
        <test-method status="PASS" signature="afterTest()[pri:0, instance:WebDriverMaven.SampleTests@4923ab24]" name="afterTest" is-config="true" duration-ms="560" started-at="2018-04-27T16:43:07Z" finished-at="2018-04-27T16:43:08Z">
          <reporter-output>
          </reporter-output>
        </test-method> <!-- afterTest -->
      </class> <!-- WebDriverMaven.SampleTests -->
    </test> <!-- ChromeTest -->
  </suite> <!-- Suite1 -->
</testng-results>
