<?xml version="1.0" encoding="UTF-8"?>
<!-- Generated by org.testng.reporters.JUnitXMLReporter -->
<testsuite hostname="IND-GAmit" ignored="0" name="ChromeTest" tests="10" failures="0" timestamp="27 Apr 2018 16:43:08 GMT" time="180.902" errors="0">
  <testcase name="testMethod1" time="0.033" classname="WebDriverMaven.SampleTests"/>
  <testcase name="testMethod2" time="16.736" classname="WebDriverMaven.SampleTests"/>
  <testcase name="testMethod3" time="43.777" classname="WebDriverMaven.SampleTests"/>
  <testcase name="testMethod4" time="0.003" classname="WebDriverMaven.SampleTests"/>
  <testcase name="testMethod4" time="0.002" classname="WebDriverMaven.SampleTests"/>
  <testcase name="testMethod4" time="0.0" classname="WebDriverMaven.SampleTests"/>
  <testcase name="testMethod4" time="0.0" classname="WebDriverMaven.SampleTests"/>
  <testcase name="testMethod5" time="0.0" classname="WebDriverMaven.SampleTests"/>
  <testcase name="testMethod5" time="0.0" classname="WebDriverMaven.SampleTests"/>
  <testcase name="testMethod6" time="24.078" classname="WebDriverMaven.SampleTests"/>
</testsuite> <!-- ChromeTest -->
