<?xml version="1.0" encoding="UTF-8"?>
<!-- Generated by org.testng.reporters.JUnitXMLReporter -->
<testsuite hostname="IND-GAmit" ignored="0" name="FirefoxTest" tests="10" failures="0" timestamp="27 Apr 2018 16:40:26 GMT" time="18.573" errors="0">
  <testcase name="testMethod1" time="0.039" classname="WebDriverMaven.SampleTests"/>
  <testcase name="testMethod2" time="0.948" classname="WebDriverMaven.SampleTests"/>
  <testcase name="testMethod3" time="4.181" classname="WebDriverMaven.SampleTests"/>
  <testcase name="testMethod4" time="0.002" classname="WebDriverMaven.SampleTests"/>
  <testcase name="testMethod4" time="0.0" classname="WebDriverMaven.SampleTests"/>
  <testcase name="testMethod4" time="0.003" classname="WebDriverMaven.SampleTests"/>
  <testcase name="testMethod4" time="0.002" classname="WebDriverMaven.SampleTests"/>
  <testcase name="testMethod5" time="0.0" classname="WebDriverMaven.SampleTests"/>
  <testcase name="testMethod5" time="0.003" classname="WebDriverMaven.SampleTests"/>
  <testcase name="testMethod6" time="2.304" classname="WebDriverMaven.SampleTests"/>
</testsuite> <!-- FirefoxTest -->
